-------------new notify-------------
{ application_id: 8767318679796615,
  resource: '/collections/2012170333',
  user_id: 110242209,
  topic: 'payments',
  attempts: 4,
  sent: '2016-05-16T03:19:04.808Z',
  received: '2016-05-16T03:17:12.213Z' }
-------------new notify-------------
{ application_id: 8767318679796615,
  resource: '/items/MLA614406657',
  user_id: 110242209,
  topic: 'items',
  attempts: 3,
  sent: '2016-05-16T03:19:04.810Z',
  received: '2016-05-16T03:17:47.121Z' }
-------------new notify-------------
{ application_id: 8767318679796615,
  resource: '/orders/1107714304',
  user_id: '110242209',
  topic: 'orders',
  attempts: 3,
  sent: '2016-05-16T03:19:04.809Z',
  received: '2016-05-16T03:17:46.827Z' }
/orders/1107714304?access_token=
-------------new notify-------------
{ resource: '/orders/1107712590',
  user_id: '110242209',
  topic: 'orders',
  application_id: 8767318679796615,
  attempts: 1,
  sent: '2016-05-16T03:19:13.940Z',
  received: '2016-05-16T03:19:13.937Z' }
/orders/1107712590?access_token=
-------------new notify-------------
{ application_id: 8767318679796615,
  resource: '/orders/1107712590',
  user_id: '110242209',
  topic: 'orders',
  attempts: 4,
  sent: '2016-05-16T03:19:15.026Z',
  received: '2016-05-16T03:17:15.133Z' }
/orders/1107712590?access_token=
-------------new notify-------------
{ application_id: 8767318679796615,
  resource: '/orders/1107712590',
  user_id: '110242209',
  topic: 'orders',
  attempts: 2,
  sent: '2016-05-16T03:19:23.951Z',
  received: '2016-05-16T03:19:13.937Z' }
/orders/1107712590?access_token=
-------------new notify-------------
{ application_id: 8767318679796615,
  resource: '/orders/1107583877',
  user_id: '110242209',
  topic: 'orders',
  attempts: 10,
  sent: '2016-05-16T03:19:21.063Z',
  received: '2016-05-15T22:27:29.855Z' }
/orders/1107583877?access_token=
-------------new notify-------------
{ application_id: 8767318679796615,
  resource: '/orders/1107675679',
  user_id: '110242209',
  topic: 'orders',
  attempts: 7,
  sent: '2016-05-16T03:19:39.053Z',
  received: '2016-05-16T01:36:12.787Z' }
/orders/1107675679?access_token=
-------------new notify-------------
{ application_id: 8767318679796615,
  resource: '/orders/1097045413',
  user_id: '110242209',
  topic: 'orders',
  attempts: 4,
  sent: '2016-05-16T03:19:42.078Z',
  received: '2016-05-16T03:17:11.976Z' }
/orders/1097045413?access_token=
-------------new notify-------------
{ application_id: 8767318679796615,
  resource: '/items/MLA612231956',
  user_id: 110242209,
  topic: 'items',
  attempts: 4,
  sent: '2016-05-16T03:19:45.213Z',
  received: '2016-05-16T03:17:15.103Z' }
-------------new notify-------------
{ application_id: 8767318679796615,
  resource: '/orders/1107672206',
  user_id: '110242209',
  topic: 'orders',
  attempts: 7,
  sent: '2016-05-16T03:19:45.543Z',
  received: '2016-05-16T01:28:08.364Z' }
/orders/1107672206?access_token=
-------------new notify-------------
{ resource: '/orders/1107706816',
  user_id: '110242209',
  topic: 'orders',
  application_id: 8767318679796615,
  attempts: 1,
  sent: '2016-05-16T03:19:48.704Z',
  received: '2016-05-16T03:19:48.696Z' }
/orders/1107706816?access_token=
-------------new notify-------------
{ application_id: 8767318679796615,
  resource: '/questions/4077398919',
  user_id: '110242209',
  topic: 'questions',
  attempts: 4,
  sent: '2016-05-16T03:19:48.875Z',
  received: '2016-05-16T03:17:20.163Z' }
-------------new notify-------------
{ application_id: 8767318679796615,
  resource: '/orders/1107712590',
  user_id: '110242209',
  topic: 'orders',
  attempts: 4,
  sent: '2016-05-16T03:19:48.877Z',
  received: '2016-05-16T03:17:20.153Z' }
/orders/1107712590?access_token=
-------------new notify-------------
{ resource: '/questions/4077400955',
  user_id: '110242209',
  topic: 'questions',
  application_id: 8767318679796615,
  attempts: 1,
  sent: '2016-05-16T03:19:57.059Z',
  received: '2016-05-16T03:19:57.049Z' }
-------------new notify-------------
{ application_id: 8767318679796615,
  resource: '/questions/4076934028',
  user_id: '110242209',
  topic: 'questions',
  attempts: 11,
  sent: '2016-05-16T03:19:58.318Z',
  received: '2016-05-15T21:14:59.267Z' }
-------------new notify-------------
{ application_id: 8767318679796615,
  resource: '/orders/1107706816',
  user_id: '110242209',
  topic: 'orders',
  attempts: 2,
  sent: '2016-05-16T03:19:58.716Z',
  received: '2016-05-16T03:19:48.696Z' }
/orders/1107706816?access_token=
-------------new notify-------------
{ application_id: 8767318679796615,
  resource: '/orders/1107712590',
  user_id: '110242209',
  topic: 'orders',
  attempts: 3,
  sent: '2016-05-16T03:20:03.976Z',
  received: '2016-05-16T03:19:13.937Z' }
/orders/1107712590?access_token=
-------------new notify-------------
{ application_id: 8767318679796615,
  resource: '/questions/4077400955',
  user_id: '110242209',
  topic: 'questions',
  attempts: 2,
  sent: '2016-05-16T03:20:07.074Z',
  received: '2016-05-16T03:19:57.049Z' }
-------------new notify-------------
{ application_id: 8767318679796615,
  resource: '/questions/4076727235',
  user_id: '110242209',
  topic: 'questions',
  attempts: 12,
  sent: '2016-05-16T03:20:25.028Z',
  received: '2016-05-15T21:26:50.252Z' }
-------------new notify-------------
{ application_id: 8767318679796615,
  resource: '/questions/4077520495',
  user_id: '110242209',
  topic: 'questions',
  attempts: 6,
  sent: '2016-05-16T03:20:25.870Z',
  received: '2016-05-16T02:07:02.140Z' }
-------------new notify-------------
{ resource: '/orders/1107712590',
  user_id: '110242209',
  topic: 'orders',
  application_id: 8767318679796615,
  attempts: 1,
  sent: '2016-05-16T03:20:28.842Z',
  received: '2016-05-16T03:20:28.835Z' }
/orders/1107712590?access_token=
-------------new notify-------------
{ resource: '/items/MLA620192747',
  user_id: 110242209,
  topic: 'items',
  application_id: 8767318679796615,
  attempts: 1,
  sent: '2016-05-16T03:20:36.415Z',
  received: '2016-05-16T03:20:36.409Z' }
-------------new notify-------------
{ resource: '/orders/1107714748',
  user_id: '110242209',
  topic: 'orders',
  application_id: 8767318679796615,
  attempts: 1,
  sent: '2016-05-16T03:20:36.951Z',
  received: '2016-05-16T03:20:36.942Z' }
/orders/1107714748?access_token=
-------------new notify-------------
{ application_id: 8767318679796615,
  resource: '/orders/1107706816',
  user_id: '110242209',
  topic: 'orders',
  attempts: 3,
  sent: '2016-05-16T03:20:38.728Z',
  received: '2016-05-16T03:19:48.696Z' }
/orders/1107706816?access_token=
-------------new notify-------------
{ application_id: 8767318679796615,
  resource: '/orders/1107712590',
  user_id: '110242209',
  topic: 'orders',
  attempts: 2,
  sent: '2016-05-16T03:20:38.854Z',
  received: '2016-05-16T03:20:28.835Z' }
/orders/1107712590?access_token=
-------------new notify-------------
{ application_id: 8767318679796615,
  resource: '/items/MLA620192747',
  user_id: 110242209,
  topic: 'items',
  attempts: 2,
  sent: '2016-05-16T03:20:46.432Z',
  received: '2016-05-16T03:20:36.409Z' }
-------------new notify-------------
{ application_id: 8767318679796615,
  resource: '/orders/1107714748',
  user_id: '110242209',
  topic: 'orders',
  attempts: 2,
  sent: '2016-05-16T03:20:46.972Z',
  received: '2016-05-16T03:20:36.942Z' }
/orders/1107714748?access_token=
-------------new notify-------------
{ application_id: 8767318679796615,
  resource: '/questions/4077400955',
  user_id: '110242209',
  topic: 'questions',
  attempts: 3,
  sent: '2016-05-16T03:20:47.099Z',
  received: '2016-05-16T03:19:57.049Z' }
-------------new notify-------------
{ application_id: 8767318679796615,
  resource: '/orders/1107576651',
  user_id: '110242209',
  topic: 'orders',
  attempts: 10,
  sent: '2016-05-16T03:20:51.368Z',
  received: '2016-05-15T22:07:33.901Z' }
/orders/1107576651?access_token=
-------------new notify-------------
{ resource: '/orders/1107712590',
  user_id: '110242209',
  topic: 'orders',
  application_id: 8767318679796615,
  attempts: 1,
  sent: '2016-05-16T03:20:57.322Z',
  received: '2016-05-16T03:20:57.310Z' }
/orders/1107712590?access_token=
-------------new notify-------------
{ application_id: 8767318679796615,
  resource: '/orders/1107712590',
  user_id: '110242209',
  topic: 'orders',
  attempts: 2,
  sent: '2016-05-16T03:21:07.333Z',
  received: '2016-05-16T03:20:57.310Z' }
/orders/1107712590?access_token=
-------------new notify-------------
{ resource: '/questions/4077401817',
  user_id: '110242209',
  topic: 'questions',
  application_id: 8767318679796615,
  attempts: 1,
  sent: '2016-05-16T03:21:13.120Z',
  received: '2016-05-16T03:21:13.110Z' }
-------------new notify-------------
{ application_id: 8767318679796615,
  resource: '/questions/4077100766',
  user_id: '110242209',
  topic: 'questions',
  attempts: 10,
  sent: '2016-05-16T03:21:13.456Z',
  received: '2016-05-15T22:37:21.975Z' }
-------------new notify-------------
{ application_id: 8767318679796615,
  resource: '/orders/1107712590',
  user_id: '110242209',
  topic: 'orders',
  attempts: 4,
  sent: '2016-05-16T03:21:13.992Z',
  received: '2016-05-16T03:19:13.937Z' }
/orders/1107712590?access_token=
-------------new notify-------------
{ application_id: 8767318679796615,
  resource: '/orders/1106237265',
  user_id: '110242209',
  topic: 'orders',
  attempts: 12,
  sent: '2016-05-16T03:21:15.529Z',
  received: '2016-05-15T19:39:26.822Z' }
/orders/1106237265?access_token=
-------------new notify-------------
{ application_id: 8767318679796615,
  resource: '/orders/1105188320',
  user_id: '110242209',
  topic: 'orders',
  attempts: 6,
  sent: '2016-05-16T03:21:16.417Z',
  received: '2016-05-16T01:10:25.480Z' }
/orders/1105188320?access_token=
-------------new notify-------------
{ application_id: 8767318679796615,
  resource: '/orders/1107712590',
  user_id: '110242209',
  topic: 'orders',
  attempts: 5,
  sent: '2016-05-16T03:21:25.066Z',
  received: '2016-05-16T03:17:15.133Z' }
/orders/1107712590?access_token=
-------------new notify-------------
{ application_id: 8767318679796615,
  resource: '/items/MLA614383915',
  user_id: 110242209,
  topic: 'items',
  attempts: 10,
  sent: '2016-05-16T03:21:20.231Z',
  received: '2016-05-15T22:07:34.807Z' }
-------------new notify-------------
{ application_id: 8767318679796615,
  resource: '/questions/4077401817',
  user_id: '110242209',
  topic: 'questions',
  attempts: 2,
  sent: '2016-05-16T03:21:23.180Z',
  received: '2016-05-16T03:21:13.110Z' }
-------------new notify-------------
{ application_id: 8767318679796615,
  resource: '/questions/4077259436',
  user_id: '110242209',
  topic: 'questions',
  attempts: 7,
  sent: '2016-05-16T03:21:36.020Z',
  received: '2016-05-16T00:18:36.427Z' }
-------------new notify-------------
{ application_id: 8767318679796615,
  resource: '/items/MLA615491146',
  user_id: 110242209,
  topic: 'items',
  attempts: 10,
  sent: '2016-05-16T03:21:45.043Z',
  received: '2016-05-15T21:09:49.512Z' }
-------------new notify-------------
{ application_id: 8767318679796615,
  resource: '/orders/1107553199',
  user_id: '110242209',
  topic: 'orders',
  attempts: 10,
  sent: '2016-05-16T03:21:45.044Z',
  received: '2016-05-15T21:09:51.292Z' }
/orders/1107553199?access_token=
-------------new notify-------------
{ application_id: 8767318679796615,
  resource: '/orders/1107712590',
  user_id: '110242209',
  topic: 'orders',
  attempts: 3,
  sent: '2016-05-16T03:21:47.377Z',
  received: '2016-05-16T03:20:57.310Z' }
/orders/1107712590?access_token=
-------------new notify-------------
{ application_id: 8767318679796615,
  resource: '/items/MLA614271166',
  user_id: 110242209,
  topic: 'items',
  attempts: 6,
  sent: '2016-05-16T03:21:48.366Z',
  received: '2016-05-16T02:00:26.866Z' }
-------------new notify-------------
{ application_id: 8767318679796615,
  resource: '/orders/1107706816',
  user_id: '110242209',
  topic: 'orders',
  attempts: 4,
  sent: '2016-05-16T03:21:48.761Z',
  received: '2016-05-16T03:19:48.696Z' }
/orders/1107706816?access_token=
-------------new notify-------------
{ application_id: 8767318679796615,
  resource: '/orders/1107712590',
  user_id: '110242209',
  topic: 'orders',
  attempts: 3,
  sent: '2016-05-16T03:21:48.864Z',
  received: '2016-05-16T03:20:28.835Z' }
/orders/1107712590?access_token=
-------------new notify-------------
{ application_id: 8767318679796615,
  resource: '/items/MLA612231956',
  user_id: 110242209,
  topic: 'items',
  attempts: 5,
  sent: '2016-05-16T03:21:55.231Z',
  received: '2016-05-16T03:17:15.103Z' }
-------------new notify-------------
{ application_id: 8767318679796615,
  resource: '/items/MLA620192747',
  user_id: 110242209,
  topic: 'items',
  attempts: 3,
  sent: '2016-05-16T03:21:56.442Z',
  received: '2016-05-16T03:20:36.409Z' }
-------------new notify-------------
{ application_id: 8767318679796615,
  resource: '/orders/1107714748',
  user_id: '110242209',
  topic: 'orders',
  attempts: 3,
  sent: '2016-05-16T03:21:56.990Z',
  received: '2016-05-16T03:20:36.942Z' }
/orders/1107714748?access_token=
-------------new notify-------------
{ application_id: 8767318679796615,
  resource: '/questions/4077400955',
  user_id: '110242209',
  topic: 'questions',
  attempts: 4,
  sent: '2016-05-16T03:21:57.144Z',
  received: '2016-05-16T03:19:57.049Z' }
-------------new notify-------------
{ resource: '/questions/4077402326',
  user_id: '110242209',
  topic: 'questions',
  application_id: 8767318679796615,
  attempts: 1,
  sent: '2016-05-16T03:21:57.544Z',
  received: '2016-05-16T03:21:57.535Z' }
-------------new notify-------------
{ application_id: 8767318679796615,
  resource: '/orders/1107609766',
  user_id: '110242209',
  topic: 'orders',
  attempts: 8,
  sent: '2016-05-16T03:21:58.352Z',
  received: '2016-05-15T23:18:49.248Z' }
/orders/1107609766?access_token=
-------------new notify-------------
{ application_id: 8767318679796615,
  resource: '/orders/1106295682',
  user_id: '110242209',
  topic: 'orders',
  attempts: 10,
  sent: '2016-05-16T03:21:58.371Z',
  received: '2016-05-15T21:19:21.017Z' }
/orders/1106295682?access_token=
-------------new notify-------------
{ application_id: 8767318679796615,
  resource: '/orders/1107589031',
  user_id: '110242209',
  topic: 'orders',
  attempts: 10,
  sent: '2016-05-16T03:21:58.353Z',
  received: '2016-05-15T22:39:18.510Z' }
/orders/1107589031?access_token=
-------------new notify-------------
{ application_id: 8767318679796615,
  resource: '/questions/4077156060',
  user_id: '110242209',
  topic: 'questions',
  attempts: 8,
  sent: '2016-05-16T03:21:58.371Z',
  received: '2016-05-16T00:58:33.119Z' }
-------------new notify-------------
{ application_id: 8767318679796615,
  resource: '/questions/4077401817',
  user_id: '110242209',
  topic: 'questions',
  attempts: 3,
  sent: '2016-05-16T03:22:03.194Z',
  received: '2016-05-16T03:21:13.110Z' }
-------------new notify-------------
{ application_id: 8767318679796615,
  resource: '/questions/4077402326',
  user_id: '110242209',
  topic: 'questions',
  attempts: 2,
  sent: '2016-05-16T03:22:07.554Z',
  received: '2016-05-16T03:21:57.535Z' }
-------------new notify-------------
{ application_id: 8767318679796615,
  resource: '/items/MLA614034158',
  user_id: 110242209,
  topic: 'items',
  attempts: 6,
  sent: '2016-05-16T03:22:25.050Z',
  received: '2016-05-16T01:10:54.280Z' }
-------------new notify-------------
{ resource: '/orders/1107712590',
  user_id: '110242209',
  topic: 'orders',
  application_id: 8767318679796615,
  attempts: 1,
  sent: '2016-05-16T03:22:30.878Z',
  received: '2016-05-16T03:22:30.872Z' }
/orders/1107712590?access_token=
-------------new notify-------------
{ application_id: 8767318679796615,
  resource: '/orders/1107711963',
  user_id: '110242209',
  topic: 'orders',
  attempts: 4,
  sent: '2016-05-16T03:22:31.002Z',
  received: '2016-05-16T03:11:30.945Z' }
/orders/1107711963?access_token=
-------------new notify-------------
{ application_id: 8767318679796615,
  resource: '/orders/1107711963',
  user_id: '110242209',
  topic: 'orders',
  attempts: 4,
  sent: '2016-05-16T03:22:32.011Z',
  received: '2016-05-16T03:11:31.893Z' }
/orders/1107711963?access_token=
-------------new notify-------------
{ application_id: 8767318679796615,
  resource: '/orders/1107711963',
  user_id: '110242209',
  topic: 'orders',
  attempts: 4,
  sent: '2016-05-16T03:22:36.136Z',
  received: '2016-05-16T03:11:36.028Z' }
/orders/1107711963?access_token=
-------------new notify-------------
{ application_id: 8767318679796615,
  resource: '/orders/1107712590',
  user_id: '110242209',
  topic: 'orders',
  attempts: 2,
  sent: '2016-05-16T03:22:40.897Z',
  received: '2016-05-16T03:22:30.872Z' }
/orders/1107712590?access_token=
-------------new notify-------------
{ application_id: 8767318679796615,
  resource: '/questions/4077402326',
  user_id: '110242209',
  topic: 'questions',
  attempts: 3,
  sent: '2016-05-16T03:22:47.564Z',
  received: '2016-05-16T03:21:57.535Z' }
-------------new notify-------------
{ application_id: 8767318679796615,
  resource: '/orders/1107711963',
  user_id: '110242209',
  topic: 'orders',
  attempts: 4,
  sent: '2016-05-16T03:22:47.753Z',
  received: '2016-05-16T03:11:17.695Z' }
/orders/1107711963?access_token=
-------------new notify-------------
{ application_id: 8767318679796615,
  resource: '/items/MLA613915413',
  user_id: 110242209,
  topic: 'items',
  attempts: 4,
  sent: '2016-05-16T03:22:48.261Z',
  received: '2016-05-16T03:11:18.150Z' }
-------------new notify-------------
{ application_id: 8767318679796615,
  resource: '/orders/1107711963',
  user_id: '110242209',
  topic: 'orders',
  attempts: 4,
  sent: '2016-05-16T03:22:48.768Z',
  received: '2016-05-16T03:11:18.672Z' }
/orders/1107711963?access_token=
-------------new notify-------------
{ application_id: 8767318679796615,
  resource: '/collections/2011171449',
  user_id: 110242209,
  topic: 'payments',
  attempts: 4,
  sent: '2016-05-16T03:22:48.960Z',
  received: '2016-05-16T03:11:18.890Z' }
-------------new notify-------------
{ application_id: 8767318679796615,
  resource: '/orders/1107711963',
  user_id: '110242209',
  topic: 'orders',
  attempts: 4,
  sent: '2016-05-16T03:22:52.681Z',
  received: '2016-05-16T03:11:22.549Z' }
/orders/1107711963?access_token=
-------------new notify-------------
{ application_id: 8767318679796615,
  resource: '/items/MLA611903265',
  user_id: 110242209,
  topic: 'items',
  attempts: 11,
  sent: '2016-05-16T03:22:55.372Z',
  received: '2016-05-15T21:09:16.289Z' }
-------------new notify-------------
{ application_id: 8767318679796615,
  resource: '/orders/1107711963',
  user_id: '110242209',
  topic: 'orders',
  attempts: 4,
  sent: '2016-05-16T03:22:56.938Z',
  received: '2016-05-16T03:11:26.773Z' }
/orders/1107711963?access_token=
-------------new notify-------------
{ application_id: 8767318679796615,
  resource: '/orders/1107712590',
  user_id: '110242209',
  topic: 'orders',
  attempts: 4,
  sent: '2016-05-16T03:22:57.397Z',
  received: '2016-05-16T03:20:57.310Z' }
/orders/1107712590?access_token=
-------------new notify-------------
{ application_id: 8767318679796615,
  resource: '/orders/1107663378',
  user_id: '110242209',
  topic: 'orders',
  attempts: 6,
  sent: '2016-05-16T03:23:09.034Z',
  received: '2016-05-16T01:11:58.346Z' }
/orders/1107663378?access_token=
-------------new notify-------------
{ application_id: 8767318679796615,
  resource: '/orders/1107552018',
  user_id: '110242209',
  topic: 'orders',
  attempts: 11,
  sent: '2016-05-16T03:23:10.791Z',
  received: '2016-05-15T21:10:56.934Z' }
/orders/1107552018?access_token=
-------------new notify-------------
{ application_id: 8767318679796615,
  resource: '/questions/4077401817',
  user_id: '110242209',
  topic: 'questions',
  attempts: 4,
  sent: '2016-05-16T03:23:13.205Z',
  received: '2016-05-16T03:21:13.110Z' }
-------------new notify-------------
{ application_id: 8767318679796615,
  resource: '/collections/2010970529',
  user_id: 110242209,
  topic: 'payments',
  attempts: 6,
  sent: '2016-05-16T03:23:15.919Z',
  received: '2016-05-16T01:12:14.308Z' }
-------------new notify-------------
{ application_id: 8767318679796615,
  resource: '/questions/4076932201',
  user_id: '110242209',
  topic: 'questions',
  attempts: 11,
  sent: '2016-05-16T03:23:16.296Z',
  received: '2016-05-15T21:10:10.988Z' }
-------------new notify-------------
{ resource: '/questions/4077561653',
  user_id: '110242209',
  topic: 'questions',
  application_id: 8767318679796615,
  attempts: 1,
  sent: '2016-05-16T03:23:19.340Z',
  received: '2016-05-16T03:23:19.332Z' }
-------------new notify-------------
{ application_id: 8767318679796615,
  resource: '/orders/1107712590',
  user_id: '110242209',
  topic: 'orders',
  attempts: 3,
  sent: '2016-05-16T03:23:20.918Z',
  received: '2016-05-16T03:22:30.872Z' }
/orders/1107712590?access_token=
-------------new notify-------------
{ application_id: 8767318679796615,
  resource: '/questions/4077555702',
  user_id: '110242209',
  topic: 'questions',
  attempts: 4,
  sent: '2016-05-16T03:23:20.693Z',
  received: '2016-05-16T03:11:54.507Z' }
-------------new notify-------------
{ application_id: 8767318679796615,
  resource: '/orders/1107663378',
  user_id: '110242209',
  topic: 'orders',
  attempts: 6,
  sent: '2016-05-16T03:23:27.041Z',
  received: '2016-05-16T01:12:15.893Z' }
/orders/1107663378?access_token=
-------------new notify-------------
{ application_id: 8767318679796615,
  resource: '/questions/4077561653',
  user_id: '110242209',
  topic: 'questions',
  attempts: 2,
  sent: '2016-05-16T03:23:29.350Z',
  received: '2016-05-16T03:23:19.332Z' }
-------------new notify-------------
{ application_id: 8767318679796615,
  resource: '/questions/4077358834',
  user_id: '110242209',
  topic: 'questions',
  attempts: 5,
  sent: '2016-05-16T03:23:32.134Z',
  received: '2016-05-16T02:21:52.786Z' }
-------------new notify-------------
{ application_id: 8767318679796615,
  resource: '/questions/4077196722',
  user_id: '110242209',
  topic: 'questions',
  attempts: 6,
  sent: '2016-05-16T03:23:32.103Z',
  received: '2016-05-16T01:20:57.365Z' }
-------------new notify-------------
{ application_id: 8767318679796615,
  resource: '/orders/1091149973',
  user_id: '110242209',
  topic: 'orders',
  attempts: 12,
  sent: '2016-05-16T03:23:38.949Z',
  received: '2016-05-15T20:40:00.914Z' }
/orders/1091149973?access_token=
-------------new notify-------------
{ application_id: 8767318679796615,
  resource: '/orders/1107688001',
  user_id: '110242209',
  topic: 'orders',
  attempts: 6,
  sent: '2016-05-16T03:23:58.238Z',
  received: '2016-05-16T02:03:17.793Z' }
/orders/1107688001?access_token=
-------------new notify-------------
{ application_id: 8767318679796615,
  resource: '/questions/4077400955',
  user_id: '110242209',
  topic: 'questions',
  attempts: 5,
  sent: '2016-05-16T03:24:07.167Z',
  received: '2016-05-16T03:19:57.049Z' }
-------------new notify-------------
{ application_id: 8767318679796615,
  resource: '/questions/4077561653',
  user_id: '110242209',
  topic: 'questions',
  attempts: 3,
  sent: '2016-05-16T03:24:09.357Z',
  received: '2016-05-16T03:23:19.332Z' }
-------------new notify-------------
{ application_id: 8767318679796615,
  resource: '/orders/1107552018',
  user_id: '110242209',
  topic: 'orders',
  attempts: 11,
  sent: '2016-05-16T03:24:15.948Z',
  received: '2016-05-15T21:10:46.902Z' }
/orders/1107552018?access_token=
-------------new notify-------------
{ application_id: 8767318679796615,
  resource: '/questions/4077233665',
  user_id: '110242209',
  topic: 'questions',
  attempts: 6,
  sent: '2016-05-16T03:24:23.321Z',
  received: '2016-05-16T01:13:51.929Z' }
-------------new notify-------------
{ application_id: 8767318679796615,
  resource: '/orders/1107698915',
  user_id: '110242209',
  topic: 'orders',
  attempts: 7,
  sent: '2016-05-16T03:24:25.063Z',
  received: '2016-05-16T02:39:57.748Z' }
/orders/1107698915?access_token=
-------------new notify-------------
{ application_id: 8767318679796615,
  resource: '/orders/1107552018',
  user_id: '110242209',
  topic: 'orders',
  attempts: 11,
  sent: '2016-05-16T03:24:26.404Z',
  received: '2016-05-15T21:10:45.758Z' }
/orders/1107552018?access_token=
-------------new notify-------------
{ resource: '/questions/4077403904',
  user_id: '110242209',
  topic: 'questions',
  application_id: 8767318679796615,
  attempts: 1,
  sent: '2016-05-16T03:24:44.206Z',
  received: '2016-05-16T03:24:44.198Z' }
Magic happens on port 8080

events.js:72
        throw er; // Unhandled 'error' event
              ^
Error: listen EADDRINUSE
    at errnoException (net.js:901:11)
    at Server._listen2 (net.js:1039:14)
    at listen (net.js:1061:10)
    at Server.listen (net.js:1135:5)
    at Object.<anonymous> (/home/ivan/Desarrollo/adfit/server.js:362:13)
    at Module._compile (module.js:456:26)
    at Object.Module._extensions..js (module.js:474:10)
    at Module.load (module.js:356:32)
    at Function.Module._load (module.js:312:12)
    at Function.Module.runMain (module.js:497:10)
    at startup (node.js:119:16)
    at node.js:902:3
-------------new notify-------------
{ application_id: 8767318679796615,
  resource: '/orders/1084818081',
  user_id: '110242209',
  topic: 'orders',
  attempts: 8,
  sent: '2016-05-16T03:24:45.160Z',
  received: '2016-05-15T23:13:04.349Z' }
/orders/1084818081?access_token=
-------------new notify-------------
{ application_id: 8767318679796615,
  resource: '/questions/4076389328',
  user_id: '110242209',
  topic: 'questions',
  attempts: 11,
  sent: '2016-05-16T03:24:51.587Z',
  received: '2016-05-15T20:43:27.237Z' }
-------------new notify-------------
{ application_id: 8767318679796615,
  resource: '/questions/4077403904',
  user_id: '110242209',
  topic: 'questions',
  attempts: 2,
  sent: '2016-05-16T03:24:54.221Z',
  received: '2016-05-16T03:24:44.198Z' }
-------------new notify-------------
{ application_id: 8767318679796615,
  resource: '/orders/1107583976',
  user_id: '110242209',
  topic: 'orders',
  attempts: 9,
  sent: '2016-05-16T03:24:56.933Z',
  received: '2016-05-15T22:22:36.786Z' }
/orders/1107583976?access_token=
-------------new notify-------------
{ application_id: 8767318679796615,
  resource: '/questions/4076934028',
  user_id: '110242209',
  topic: 'questions',
  attempts: 11,
  sent: '2016-05-16T03:24:56.931Z',
  received: '2016-05-15T21:12:58.517Z' }
-------------new notify-------------
{ application_id: 8767318679796615,
  resource: '/orders/1107711963',
  user_id: '110242209',
  topic: 'orders',
  attempts: 5,
  sent: '2016-05-16T03:24:57.780Z',
  received: '2016-05-16T03:11:17.695Z' }
/orders/1107711963?access_token=
-------------new notify-------------
{ application_id: 8767318679796615,
  resource: '/collections/2011171449',
  user_id: 110242209,
  topic: 'payments',
  attempts: 5,
  sent: '2016-05-16T03:24:58.978Z',
  received: '2016-05-16T03:11:18.890Z' }
-------------new notify-------------
{ application_id: 8767318679796615,
  resource: '/orders/1107711963',
  user_id: '110242209',
  topic: 'orders',
  attempts: 5,
  sent: '2016-05-16T03:25:06.968Z',
  received: '2016-05-16T03:11:26.773Z' }
/orders/1107711963?access_token=
-------------new notify-------------
{ application_id: 8767318679796615,
  resource: '/items/MLA617454653',
  user_id: 110242209,
  topic: 'items',
  attempts: 5,
  sent: '2016-05-16T03:25:07.006Z',
  received: '2016-05-16T02:13:56.188Z' }
-------------new notify-------------
{ application_id: 8767318679796615,
  resource: '/orders/1107663378',
  user_id: '110242209',
  topic: 'orders',
  attempts: 7,
  sent: '2016-05-16T03:25:23.203Z',
  received: '2016-05-16T01:12:20.999Z' }
/orders/1107663378?access_token=
-------------new notify-------------
{ application_id: 8767318679796615,
  resource: '/questions/4077401817',
  user_id: '110242209',
  topic: 'questions',
  attempts: 5,
  sent: '2016-05-16T03:25:23.231Z',
  received: '2016-05-16T03:21:13.110Z' }
{ id: 110242209,
  nickname: 'VEINTEDOCEPC',
  registration_date: '2012-04-23T09:58:00.000-04:00',
  first_name: 'DAMARFU',
  last_name: 'SA',
  country_id: 'AR',
  email: 'damarfusa@gmail.com',
  identification: { type: 'Otro', number: '33708543409' },
  address: 
   { state: 'AR-C',
     city: 'capital federal',
     address: 'echeverria 1392',
     zip_code: '1428' },
  phone: 
   { area_code: '11',
     number: '47817077',
     extension: '',
     verified: false },
  alternative_phone: { area_code: '11', number: '47817071', extension: '' },
  user_type: 'normal',
  tags: [ 'normal', 'user_info_verified', 'medium_seller' ],
  logo: null,
  points: 69780,
  site_id: 'MLA',
  permalink: 'http://perfil.mercadolibre.com.ar/VEINTEDOCEPC',
  shipping_modes: [ 'custom', 'not_specified', 'me2' ],
  seller_experience: 'ADVANCED',
  seller_reputation: 
   { level_id: '5_green',
     power_seller_status: 'platinum',
     transactions: 
      { period: 'historic',
        total: 92394,
        completed: 83237,
        canceled: 9157,
        ratings: [Object] } },
  buyer_reputation: 
   { canceled_transactions: 0,
     transactions: 
      { period: 'historic',
        total: null,
        completed: null,
        canceled: [Object],
        unrated: [Object],
        not_yet_rated: [Object] },
     tags: [] },
  status: 
   { site_status: 'active',
     list: { allow: true, codes: [], immediate_payment: [Object] },
     buy: { allow: true, codes: [], immediate_payment: [Object] },
     sell: { allow: true, codes: [], immediate_payment: [Object] },
     billing: { allow: true, codes: [] },
     mercadopago_tc_accepted: true,
     mercadopago_account_type: 'professional',
     mercadoenvios: 'not_accepted',
     immediate_payment: false,
     confirmed_email: true,
     user_type: 'simple_registration',
     required_action: '' },
  company: 
   { corporate_name: 'DAMARFU SA ',
     brand_name: null,
     identification: '33708543409',
     state_tax_id: null,
     city_tax_id: null },
  credit: { consumed: 87563.52, credit_level_id: 'MLA1' } }
-------------new notify-------------
{ application_id: 8767318679796615,
  resource: '/questions/4077555702',
  user_id: '110242209',
  topic: 'questions',
  attempts: 5,
  sent: '2016-05-16T03:25:30.747Z',
  received: '2016-05-16T03:11:54.507Z' }
-------------new notify-------------
{ application_id: 8767318679796615,
  resource: '/orders/1107708156',
  user_id: '110242209',
  topic: 'orders',
  attempts: 6,
  sent: '2016-05-16T03:25:30.776Z',
  received: '2016-05-16T03:02:18.019Z' }
/orders/1107708156?access_token=APP_USR-8767318679796615-051523-5c0839eb5b2d3fa8991dc14f751cf98d__H_K__-110242209
-------------new notify-------------
{ application_id: 8767318679796615,
  resource: '/questions/4075825826',
  user_id: '110242209',
  topic: 'questions',
  attempts: 7,
  sent: '2016-05-16T03:25:31.065Z',
  received: '2016-05-16T00:13:50.175Z' }
-------------new notify-------------
{ application_id: 8767318679796615,
  resource: '/items/MLA618729589',
  user_id: 110242209,
  topic: 'items',
  attempts: 8,
  sent: '2016-05-16T03:25:45.865Z',
  received: '2016-05-16T00:04:41.510Z' }
-------------new notify-------------
{ application_id: 8767318679796615,
  resource: '/questions/4077525624',
  user_id: '110242209',
  topic: 'questions',
  attempts: 5,
  sent: '2016-05-16T03:25:46.534Z',
  received: '2016-05-16T02:14:36.191Z' }
-------------new notify-------------
{ application_id: 8767318679796615,
  resource: '/collections/2011035975',
  user_id: 110242209,
  topic: 'payments',
  attempts: 12,
  sent: '2016-05-16T03:25:53.923Z',
  received: '2016-05-15T19:53:38.547Z' }
-------------new notify-------------
{ application_id: 8767318679796615,
  resource: '/items/MLA617529103',
  user_id: 110242209,
  topic: 'items',
  attempts: 8,
  sent: '2016-05-16T03:25:56.460Z',
  received: '2016-05-16T00:34:42.015Z' }
